2024-08-11T18:42:51.173+05:30  INFO 7464 --- [todoapp] [restartedMain] com.cts.todoapp.TodoappApplication       : Starting TodoappApplication using Java 17.0.6 with PID 7464 (D:\Sudhakar\software\java_workspace\todoapp\target\classes started by Admin in D:\Sudhakar\software\java_workspace\todoapp)
2024-08-11T18:42:51.174+05:30 DEBUG 7464 --- [todoapp] [restartedMain] com.cts.todoapp.TodoappApplication       : Running with Spring Boot v3.3.2, Spring v6.1.11
2024-08-11T18:42:51.175+05:30  INFO 7464 --- [todoapp] [restartedMain] com.cts.todoapp.TodoappApplication       : No active profile set, falling back to 1 default profile: "default"
2024-08-11T18:42:51.484+05:30  INFO 7464 --- [todoapp] [restartedMain] o.s.b.w.embedded.tomcat.TomcatWebServer  : Tomcat initialized with port 8080 (http)
2024-08-11T18:42:51.485+05:30  INFO 7464 --- [todoapp] [restartedMain] o.apache.catalina.core.StandardService   : Starting service [Tomcat]
2024-08-11T18:42:51.485+05:30  INFO 7464 --- [todoapp] [restartedMain] o.apache.catalina.core.StandardEngine    : Starting Servlet engine: [Apache Tomcat/10.1.26]
2024-08-11T18:42:51.533+05:30  INFO 7464 --- [todoapp] [restartedMain] org.apache.jasper.servlet.TldScanner     : At least one JAR was scanned for TLDs yet contained no TLDs. Enable debug logging for this logger for a complete list of JARs that were scanned but no TLDs were found in them. Skipping unneeded JARs during scanning can improve startup time and JSP compilation time.
2024-08-11T18:42:51.535+05:30  INFO 7464 --- [todoapp] [restartedMain] o.a.c.c.C.[Tomcat].[localhost].[/]       : Initializing Spring embedded WebApplicationContext
2024-08-11T18:42:51.536+05:30  INFO 7464 --- [todoapp] [restartedMain] w.s.c.ServletWebServerApplicationContext : Root WebApplicationContext: initialization completed in 359 ms
2024-08-11T18:42:51.644+05:30  INFO 7464 --- [todoapp] [restartedMain] o.s.b.d.a.OptionalLiveReloadServer       : LiveReload server is running on port 35729
2024-08-11T18:42:51.660+05:30  INFO 7464 --- [todoapp] [restartedMain] o.s.b.w.embedded.tomcat.TomcatWebServer  : Tomcat started on port 8080 (http) with context path '/'
2024-08-11T18:42:51.668+05:30  INFO 7464 --- [todoapp] [restartedMain] com.cts.todoapp.TodoappApplication       : Started TodoappApplication in 0.593 seconds (process running for 1820.538)
2024-08-11T18:42:51.671+05:30  INFO 7464 --- [todoapp] [restartedMain] .ConditionEvaluationDeltaLoggingListener : Condition evaluation unchanged
2024-08-11T18:42:58.234+05:30  INFO 7464 --- [todoapp] [http-nio-8080-exec-2] o.a.c.c.C.[Tomcat].[localhost].[/]       : Initializing Spring DispatcherServlet 'dispatcherServlet'
2024-08-11T18:42:58.235+05:30  INFO 7464 --- [todoapp] [http-nio-8080-exec-2] o.s.web.servlet.DispatcherServlet        : Initializing Servlet 'dispatcherServlet'
2024-08-11T18:42:58.236+05:30  INFO 7464 --- [todoapp] [http-nio-8080-exec-2] o.s.web.servlet.DispatcherServlet        : Completed initialization in 1 ms
2024-08-11T18:42:58.242+05:30 DEBUG 7464 --- [todoapp] [http-nio-8080-exec-2] c.c.todoapp.controllers.LoginController  : Request param received vikruthi
2024-08-11T18:43:02.325+05:30 DEBUG 7464 --- [todoapp] [http-nio-8080-exec-10] c.c.todoapp.controllers.LoginController  : Request param received dhivya
2024-08-11T19:02:23.494+05:30  INFO 7464 --- [todoapp] [File Watcher] rtingClassPathChangeChangedEventListener : Restarting due to 1 class path change (0 additions, 0 deletions, 1 modification)
2024-08-11T19:02:24.171+05:30  INFO 7464 --- [todoapp] [restartedMain] com.cts.todoapp.TodoappApplication       : Starting TodoappApplication using Java 17.0.6 with PID 7464 (D:\Sudhakar\software\java_workspace\todoapp\target\classes started by Admin in D:\Sudhakar\software\java_workspace\todoapp)
2024-08-11T19:02:24.172+05:30 DEBUG 7464 --- [todoapp] [restartedMain] com.cts.todoapp.TodoappApplication       : Running with Spring Boot v3.3.2, Spring v6.1.11
2024-08-11T19:02:24.172+05:30  INFO 7464 --- [todoapp] [restartedMain] com.cts.todoapp.TodoappApplication       : No active profile set, falling back to 1 default profile: "default"
2024-08-11T19:02:24.468+05:30  INFO 7464 --- [todoapp] [restartedMain] o.s.b.w.embedded.tomcat.TomcatWebServer  : Tomcat initialized with port 8080 (http)
2024-08-11T19:02:24.470+05:30  INFO 7464 --- [todoapp] [restartedMain] o.apache.catalina.core.StandardService   : Starting service [Tomcat]
2024-08-11T19:02:24.470+05:30  INFO 7464 --- [todoapp] [restartedMain] o.apache.catalina.core.StandardEngine    : Starting Servlet engine: [Apache Tomcat/10.1.26]
2024-08-11T19:02:24.547+05:30  INFO 7464 --- [todoapp] [restartedMain] org.apache.jasper.servlet.TldScanner     : At least one JAR was scanned for TLDs yet contained no TLDs. Enable debug logging for this logger for a complete list of JARs that were scanned but no TLDs were found in them. Skipping unneeded JARs during scanning can improve startup time and JSP compilation time.
2024-08-11T19:02:24.548+05:30  INFO 7464 --- [todoapp] [restartedMain] o.a.c.c.C.[Tomcat].[localhost].[/]       : Initializing Spring embedded WebApplicationContext
2024-08-11T19:02:24.549+05:30  INFO 7464 --- [todoapp] [restartedMain] w.s.c.ServletWebServerApplicationContext : Root WebApplicationContext: initialization completed in 374 ms
2024-08-11T19:02:24.665+05:30  INFO 7464 --- [todoapp] [restartedMain] o.s.b.d.a.OptionalLiveReloadServer       : LiveReload server is running on port 35729
2024-08-11T19:02:24.683+05:30  INFO 7464 --- [todoapp] [restartedMain] o.s.b.w.embedded.tomcat.TomcatWebServer  : Tomcat started on port 8080 (http) with context path '/'
2024-08-11T19:02:24.687+05:30  INFO 7464 --- [todoapp] [restartedMain] com.cts.todoapp.TodoappApplication       : Started TodoappApplication in 0.548 seconds (process running for 2993.52)
2024-08-11T19:02:24.692+05:30  INFO 7464 --- [todoapp] [restartedMain] .ConditionEvaluationDeltaLoggingListener : Condition evaluation unchanged
2024-08-11T19:02:37.020+05:30  INFO 7464 --- [todoapp] [http-nio-8080-exec-2] o.a.c.c.C.[Tomcat].[localhost].[/]       : Initializing Spring DispatcherServlet 'dispatcherServlet'
2024-08-11T19:02:37.021+05:30  INFO 7464 --- [todoapp] [http-nio-8080-exec-2] o.s.web.servlet.DispatcherServlet        : Initializing Servlet 'dispatcherServlet'
2024-08-11T19:02:37.022+05:30  INFO 7464 --- [todoapp] [http-nio-8080-exec-2] o.s.web.servlet.DispatcherServlet        : Completed initialization in 1 ms
2024-08-11T19:03:01.817+05:30  WARN 7464 --- [todoapp] [http-nio-8080-exec-1] .w.s.m.s.DefaultHandlerExceptionResolver : Resolved [org.springframework.web.HttpRequestMethodNotSupportedException: Request method 'POST' is not supported]
2024-08-11T19:04:00.133+05:30  INFO 7464 --- [todoapp] [File Watcher] rtingClassPathChangeChangedEventListener : Restarting due to 1 class path change (0 additions, 0 deletions, 1 modification)
